<?xml version="1.0" encoding="UTF-8"?>
<!-- Generated by org.testng.reporters.JUnitReportReporter -->
<testsuite hostname="LAPTOP-66M2DRV5" failures="0" tests="1" name="com.testng.firstpack.FirstTestng" time="9.032" errors="0" timestamp="2021-05-14T12:00:33 AEST" skipped="0">
  <testcase classname="com.testng.firstpack.FirstTestng" name="test1" time="9.032"/>
  <system-out/>
</testsuite> <!-- com.testng.firstpack.FirstTestng -->
